<?xml version="1.0" encoding="UTF-8"?>
<!-- Generated by org.testng.reporters.JUnitReportReporter -->
<testsuite hostname="DESKTOP-MA3GGML" failures="0" tests="5" name="com.petstore.api.tests.UserCRUDTest" time="12.648" errors="0" timestamp="2025-10-26T20:59:31 IST" skipped="0">
  <testcase classname="com.petstore.api.tests.UserCRUDTest" name="testCreateUser_POST" time="5.522"/>
  <system-out/>
  <testcase classname="com.petstore.api.tests.UserCRUDTest" name="testReadUser_GET" time="1.930"/>
  <system-out/>
  <testcase classname="com.petstore.api.tests.UserCRUDTest" name="testUpdateUser_PUT" time="1.731"/>
  <system-out/>
  <testcase classname="com.petstore.api.tests.UserCRUDTest" name="testReadUserAfterUpdate_GET" time="1.805"/>
  <system-out/>
  <testcase classname="com.petstore.api.tests.UserCRUDTest" name="testDeleteUser_DELETE" time="1.660"/>
  <system-out/>
</testsuite> <!-- com.petstore.api.tests.UserCRUDTest -->
