<?xml version="1.0" encoding="UTF-8"?>
<!-- Generated by org.testng.reporters.JUnitReportReporter -->
<testsuite hostname="DESKTOP-MA3GGML" failures="0" tests="1" name="com.petstore.simple.SimpleTest" time="1.898" errors="0" timestamp="2025-10-26T20:58:47 IST" skipped="0">
  <testcase classname="com.petstore.simple.SimpleTest" name="testGetPetById" time="1.898"/>
  <system-out/>
</testsuite> <!-- com.petstore.simple.SimpleTest -->
